<?xml version="1.0" encoding="UTF-8"?>
<testng-results skipped="0" failed="0" ignored="0" total="1" passed="1">
  <reporter-output>
  </reporter-output>
  <suite name="Default suite" duration-ms="143" started-at="2021-05-09T06:37:18Z" finished-at="2021-05-09T06:37:18Z">
    <groups>
    </groups>
    <test name="Default test" duration-ms="143" started-at="2021-05-09T06:37:18Z" finished-at="2021-05-09T06:37:18Z">
      <class name="TestProgram">
        <test-method status="PASS" signature="main()[pri:0, instance:TestProgram@4cc0edeb]" name="main" duration-ms="34" started-at="2021-05-09T06:37:18Z" finished-at="2021-05-09T06:37:18Z">
          <reporter-output>
          </reporter-output>
        </test-method> <!-- main -->
      </class> <!-- TestProgram -->
    </test> <!-- Default test -->
  </suite> <!-- Default suite -->
</testng-results>
